[technext.github.io/logistica/index.html]
[backblue.gif]
[fade.gif]
[index.html]
[technext.github.io/logistica/img/favicon.ico]
[cdnjs.cloudflare.com/ajax/libs/font-awesome/5.10.0/css/all.min.css]
[cdn.jsdelivr.net/npm/bootstrap-icons@1.4.1/font/bootstrap-icons.css]
[technext.github.io/logistica/lib/animate/animate.min.css]
[technext.github.io/logistica/lib/owlcarousel/assets/owl.carousel.min.css]
[technext.github.io/logistica/css/style.css]
[technext.github.io/logistica/css/bootstrap.min.css]
[technext.github.io/logistica/index-2.html]
[technext.github.io/logistica/about.html]
[technext.github.io/logistica/service.html]
[technext.github.io/logistica/price.html]
[technext.github.io/logistica/feature.html]
[technext.github.io/logistica/quote.html]
[technext.github.io/logistica/team.html]
[technext.github.io/logistica/testimonial.html]
[technext.github.io/logistica/404.html]
[technext.github.io/logistica/contact.html]
[technext.github.io/logistica/img/carousel-1.jpg]
[technext.github.io/logistica/img/carousel-2.jpg]
[technext.github.io/logistica/img/about.jpg]
[technext.github.io/logistica/img/service-1.jpg]
[technext.github.io/logistica/img/service-2.jpg]
[technext.github.io/logistica/img/service-3.jpg]
[technext.github.io/logistica/img/service-4.jpg]
[technext.github.io/logistica/img/service-5.jpg]
[technext.github.io/logistica/img/service-6.jpg]
[technext.github.io/logistica/img/feature.jpg]
[technext.github.io/logistica/img/team-1.jpg]
[technext.github.io/logistica/img/team-2.jpg]
[technext.github.io/logistica/img/team-3.jpg]
[technext.github.io/logistica/img/team-4.jpg]
[technext.github.io/logistica/img/testimonial-1.jpg]
[technext.github.io/logistica/img/testimonial-2.jpg]
[technext.github.io/logistica/img/testimonial-3.jpg]
[technext.github.io/logistica/img/testimonial-4.jpg]
[cdn.jsdelivr.net/npm/bootstrap@5.0.0/dist/js/bootstrap.bundle.min.js]
[code.jquery.com/jquery-3.4.1.min.js]
[technext.github.io/logistica/lib/wow/wow.min.js]
[technext.github.io/logistica/lib/easing/easing.min.js]
[technext.github.io/logistica/lib/waypoints/waypoints.min.js]
[technext.github.io/logistica/lib/counterup/counterup.min.js]
[technext.github.io/logistica/lib/owlcarousel/owl.carousel.min.js]
[technext.github.io/logistica/js/main.js]
[technext.github.io/logistica/index.html]
[technext.github.io/logistica/img/favicon.html]
[cdnjs.cloudflare.com/ajax/libs/font-awesome/5.10.0/css/all.min.css]
[cdn.jsdelivr.net/npm/bootstrap-icons@1.4.1/font/fonts/bootstrap-iconsfb95.woff2]
[cdn.jsdelivr.net/npm/bootstrap-icons@1.4.1/font/fonts/bootstrap-iconsfb95.woff]
[cdn.jsdelivr.net/npm/bootstrap-icons@1.4.1/font/bootstrap-icons.css]
[technext.github.io/logistica/lib/animate/animate.min.css]
[technext.github.io/logistica/lib/owlcarousel/assets/owl.video.play.png]
[technext.github.io/logistica/lib/owlcarousel/assets/owl.carousel.min.css]
[technext.github.io/logistica/css/bootstrap.min.css]
[technext.github.io/logistica/img/map.png]
[technext.github.io/logistica/css/style.css]
[technext.github.io/logistica/index-2.html]
[technext.github.io/logistica/about.html]
[technext.github.io/logistica/service.html]
[technext.github.io/logistica/price.html]
[technext.github.io/logistica/feature.html]
[technext.github.io/logistica/quote.html]
[technext.github.io/logistica/team.html]
[technext.github.io/logistica/testimonial.html]
[technext.github.io/logistica/404.html]
[technext.github.io/logistica/contact.html]
